{
  "stats": {
    "suites": 44,
    "tests": 378,
    "passes": 195,
    "pending": 0,
    "failures": 183,
    "start": "2020-12-08T02:24:21.283Z",
    "end": "2020-12-08T05:20:05.297Z",
    "duration": 8152107,
    "testsRegistered": 378,
    "passPercent": 51.58730158730159,
    "pendingPercent": 0,
    "other": 0,
    "hasOther": false,
    "skipped": 0,
    "hasSkipped": false
  },
  "results": [
    {
      "uuid": "0bb6030c-98e9-43bb-874d-a6ff7e0a3419",
      "title": "",
      "fullFile": "cypress/integration/mas/Administration/Applications/AppManagement/alternative.spec.js",
      "file": "cypress/integration/mas/Administration/Applications/AppManagement/alternative.spec.js",
      "beforeHooks": [],
      "afterHooks": [],
      "tests": [],
      "suites": [
        {
          "uuid": "51a4fa5f-0cd0-4aa8-9966-e66456477597",
          "title": "Path - Access Tools Table Entry",
          "fullFile": "",
          "file": "",
          "beforeHooks": [],
          "afterHooks": [],
          "tests": [
            {
              "title": "visits applications page",
              "fullTitle": "Path - Access Tools Table Entry visits applications page",
              "timedOut": null,
              "duration": 9842,
              "state": "passed",
              "speed": "slow",
              "pass": true,
              "fail": false,
              "pending": false,
              "context": null,
              "code": "cy.visit('/_admin/applications');\ncy.url().should('include', '/applications');",
              "err": {},
              "uuid": "6574dbbc-d5bc-49f5-a15a-37cf61dededa",
              "parentUUID": "51a4fa5f-0cd0-4aa8-9966-e66456477597",
              "isHook": false,
              "skipped": false
            },
            {
              "title": "renders tools panel with an iot entry",
              "fullTitle": "Path - Access Tools Table Entry renders tools panel with an iot entry",
              "timedOut": null,
              "duration": 30457,
              "state": "failed",
              "speed": null,
              "pass": false,
              "fail": true,
              "pending": false,
              "context": "\"assets/Administration/Applications/AppManagement/alternative.spec.js/Path - Access Tools Table Entry -- renders tools panel with an iot entry (failed).png\"",
              "code": "cy.get('#tool').click();\ncy.findByRole('row').within(function () {\n  cy.findAllByRole('cell'), spread(function (cell1) {\n    cell1.contains('IoT');\n  });\n});",
              "err": {
                "message": "TestingLibraryElementError: Timed out retrying: Found multiple elements with the role \"row\"\n\nHere are the matching elements:\n\n\n\n\n\n(If this is intentional, then use the `*AllBy*` variant of the query (like `queryAllByText`, `getAllByText`, or `findAllByText`)).",
                "estack": "TestingLibraryElementError: Timed out retrying: Found multiple elements with the role \"row\"\n\nHere are the matching elements:\n\n\n\n\n\n(If this is intentional, then use the `*AllBy*` variant of the query (like `queryAllByText`, `getAllByText`, or `findAllByText`)).\n    at Object.getElementError (http://localhost:3001/__cypress/tests?p=cypress/support/index.js:1086:19)\n    at getElementError (http://localhost:3001/__cypress/tests?p=cypress/support/index.js:3401:35)\n    at getMultipleElementsFoundError (http://localhost:3001/__cypress/tests?p=cypress/support/index.js:3405:10)\n    at eval (http://localhost:3001/__cypress/tests?p=cypress/support/index.js:3442:13)\n    at eval (http://localhost:3001/__cypress/tests?p=cypress/support/index.js:3482:19)\n    at baseCommandImpl (http://localhost:3001/__cypress/tests?p=cypress/support/index.js:892:16)\n    at commandImpl (http://localhost:3001/__cypress/tests?p=cypress/support/index.js:895:40)\n    at getValue (http://localhost:3001/__cypress/tests?p=cypress/support/index.js:919:23)\n    at resolveValue (http://localhost:3001/__cypress/tests?p=cypress/support/index.js:959:35)",
                "diff": null
              },
              "uuid": "4659a098-50ed-4a1a-84d1-e4172aa53e01",
              "parentUUID": "51a4fa5f-0cd0-4aa8-9966-e66456477597",
              "isHook": false,
              "skipped": false
            },
            {
              "title": "clicks on the iot entry",
              "fullTitle": "Path - Access Tools Table Entry clicks on the iot entry",
              "timedOut": null,
              "duration": 128,
              "state": "passed",
              "speed": "slow",
              "pass": true,
              "fail": false,
              "pending": false,
              "context": null,
              "code": "cy.get('#tool__panel .app-management-table').within(function () {\n  cy.get('tbody>tr').eq(0).click();\n});",
              "err": {},
              "uuid": "dcaf264f-f666-44ec-a62b-5f4c653524e4",
              "parentUUID": "51a4fa5f-0cd0-4aa8-9966-e66456477597",
              "isHook": false,
              "skipped": false
            },
            {
              "title": "directs to the iot application page",
              "fullTitle": "Path - Access Tools Table Entry directs to the iot application page",
              "timedOut": null,
              "duration": 176,
              "state": "passed",
              "speed": "slow",
              "pass": true,
              "fail": false,
              "pending": false,
              "context": null,
              "code": "cy.url().should('include', '/applications/iot');",
              "err": {},
              "uuid": "20f9cc84-4901-4d3e-9c22-46e3e202baf6",
              "parentUUID": "51a4fa5f-0cd0-4aa8-9966-e66456477597",
              "isHook": false,
              "skipped": false
            }
          ],
          "suites": [],
          "passes": [
            "6574dbbc-d5bc-49f5-a15a-37cf61dededa",
            "dcaf264f-f666-44ec-a62b-5f4c653524e4",
            "20f9cc84-4901-4d3e-9c22-46e3e202baf6"
          ],
          "failures": [
            "4659a098-50ed-4a1a-84d1-e4172aa53e01"
          ],
          "pending": [],
          "skipped": [],
          "duration": 40603,
          "root": false,
          "rootEmpty": false,
          "_timeout": 2000
        },
        {
          "uuid": "9b6675a8-c103-4228-a459-2147793726b2",
          "title": "Path - Press Add Application",
          "fullFile": "",
          "file": "",
          "beforeHooks": [],
          "afterHooks": [],
          "tests": [
            {
              "title": "visits applications page",
              "fullTitle": "Path - Press Add Application visits applications page",
              "timedOut": null,
              "duration": 9653,
              "state": "passed",
              "speed": "slow",
              "pass": true,
              "fail": false,
              "pending": false,
              "context": null,
              "code": "cy.visit('/_admin/applications');\ncy.url().should('include', '/applications');",
              "err": {},
              "uuid": "b7d6ed97-9238-4170-86d8-1033154476e0",
              "parentUUID": "9b6675a8-c103-4228-a459-2147793726b2",
              "isHook": false,
              "skipped": false
            },
            {
              "title": "renders an empty application table",
              "fullTitle": "Path - Press Add Application renders an empty application table",
              "timedOut": null,
              "duration": 30329,
              "state": "failed",
              "speed": null,
              "pass": false,
              "fail": true,
              "pending": false,
              "context": "\"assets/Administration/Applications/AppManagement/alternative.spec.js/Path - Press Add Application -- renders an empty application table (failed).png\"",
              "code": "cy.get('#application__panel .app-management-table .app-management-empty-table');\ncy.get('#tool').click();\ncy.get('#tool__panel .app-management-table .app-management-empty-table');",
              "err": {
                "message": "AssertionError: Timed out retrying: Expected to find element: `#application__panel .app-management-table .app-management-empty-table`, but never found it.",
                "estack": "AssertionError: Timed out retrying: Expected to find element: `#application__panel .app-management-table .app-management-empty-table`, but never found it.\n    at Context.eval (http://localhost:3001/__cypress/tests?p=cypress/integration/mas/Administration/Applications/AppManagement/alternative.spec.js:54:8)",
                "diff": null
              },
              "uuid": "30eca265-ce80-4664-9440-4d1fa690e57c",
              "parentUUID": "9b6675a8-c103-4228-a459-2147793726b2",
              "isHook": false,
              "skipped": false
            },
            {
              "title": "clicks on the add application button",
              "fullTitle": "Path - Press Add Application clicks on the add application button",
              "timedOut": null,
              "duration": 126,
              "state": "passed",
              "speed": "slow",
              "pass": true,
              "fail": false,
              "pending": false,
              "context": null,
              "code": "cy.get('[data-testid=\"app-management-add\"]').click();",
              "err": {},
              "uuid": "5f85ee20-27ce-4828-b65e-4bd40f8b6063",
              "parentUUID": "9b6675a8-c103-4228-a459-2147793726b2",
              "isHook": false,
              "skipped": false
            },
            {
              "title": "directs to the add application page",
              "fullTitle": "Path - Press Add Application directs to the add application page",
              "timedOut": null,
              "duration": 60,
              "state": "passed",
              "speed": "medium",
              "pass": true,
              "fail": false,
              "pending": false,
              "context": null,
              "code": "cy.url().should('include', '/catalog');",
              "err": {},
              "uuid": "159e5aef-1dee-461b-bbf8-9d428784467f",
              "parentUUID": "9b6675a8-c103-4228-a459-2147793726b2",
              "isHook": false,
              "skipped": false
            }
          ],
          "suites": [],
          "passes": [
            "b7d6ed97-9238-4170-86d8-1033154476e0",
            "5f85ee20-27ce-4828-b65e-4bd40f8b6063",
            "159e5aef-1dee-461b-bbf8-9d428784467f"
          ],
          "failures": [
            "30eca265-ce80-4664-9440-4d1fa690e57c"
          ],
          "pending": [],
          "skipped": [],
          "duration": 40168,
          "root": false,
          "rootEmpty": false,
          "_timeout": 2000
        }
      ],
      "passes": [],
      "failures": [],
      "pending": [],
      "skipped": [],
      "duration": 0,
      "root": true,
      "rootEmpty": true,
      "_timeout": 2000
    },
    {
      "uuid": "0385495d-29d2-411a-a932-fcafbb12a564",
      "title": "",
      "fullFile": "cypress/integration/mas/Administration/Applications/AppManagement/Health/happy.spec.js",
      "file": "cypress/integration/mas/Administration/Applications/AppManagement/Health/happy.spec.js",
      "beforeHooks": [],
      "afterHooks": [],
      "tests": [],
      "suites": [
        {
          "uuid": "260f8f52-b9cb-4c43-88cf-61dbaaaf20f3",
          "title": "Path -  Manage Health App",
          "fullFile": "",
          "file": "",
          "beforeHooks": [],
          "afterHooks": [],
          "tests": [
            {
              "title": "visits application catalog page",
              "fullTitle": "Path -  Manage Health App visits application catalog page",
              "timedOut": null,
              "duration": 9965,
              "state": "passed",
              "speed": "slow",
              "pass": true,
              "fail": false,
              "pending": false,
              "context": null,
              "code": "cy.visit('http://localhost:3001/_admin/applications');\ncy.url().should('include', '/applications');",
              "err": {},
              "uuid": "079d58da-c023-437b-b87b-5d0e5d1734df",
              "parentUUID": "260f8f52-b9cb-4c43-88cf-61dbaaaf20f3",
              "isHook": false,
              "skipped": false
            },
            {
              "title": "renders application panel with a health entry",
              "fullTitle": "Path -  Manage Health App renders application panel with a health entry",
              "timedOut": null,
              "duration": 58,
              "state": "passed",
              "speed": "medium",
              "pass": true,
              "fail": false,
              "pending": false,
              "context": null,
              "code": "cy.findByRole('cell', {\n  name: 'Health'\n}).should('exist');",
              "err": {},
              "uuid": "3ded84c6-8788-46a6-bf31-8a1cbb1f0762",
              "parentUUID": "260f8f52-b9cb-4c43-88cf-61dbaaaf20f3",
              "isHook": false,
              "skipped": false
            },
            {
              "title": "clicks manage version in overflow menu",
              "fullTitle": "Path -  Manage Health App clicks manage version in overflow menu",
              "timedOut": null,
              "duration": 297,
              "state": "passed",
              "speed": "slow",
              "pass": true,
              "fail": false,
              "pending": false,
              "context": null,
              "code": "cy.findByRole('button', {\n  name: /more actions/i\n}).click();\ncy.findByRole('button', {\n  name: /manage version/i\n}).click();",
              "err": {},
              "uuid": "b1881138-f334-40e4-82f8-de2513d87aeb",
              "parentUUID": "260f8f52-b9cb-4c43-88cf-61dbaaaf20f3",
              "isHook": false,
              "skipped": false
            },
            {
              "title": "selects latest version in available version modal",
              "fullTitle": "Path -  Manage Health App selects latest version in available version modal",
              "timedOut": null,
              "duration": 134,
              "state": "passed",
              "speed": "slow",
              "pass": true,
              "fail": false,
              "pending": false,
              "context": null,
              "code": "cy.findAllByRole('cell', {\n  name: /select/i\n}).last().click();",
              "err": {},
              "uuid": "36663cbb-587f-44c0-bdd0-4c72f0d59544",
              "parentUUID": "260f8f52-b9cb-4c43-88cf-61dbaaaf20f3",
              "isHook": false,
              "skipped": false
            },
            {
              "title": "clicks deploy latest health in health version modal",
              "fullTitle": "Path -  Manage Health App clicks deploy latest health in health version modal",
              "timedOut": null,
              "duration": 30355,
              "state": "failed",
              "speed": null,
              "pass": false,
              "fail": true,
              "pending": false,
              "context": "\"assets/Administration/Applications/AppManagement/Health/happy.spec.js/Path -  Manage Health App -- clicks deploy latest health in health version modal (failed).png\"",
              "code": "cy.findByRole('button', {\n  name: /deploy health 8.1.0/i\n}).click();",
              "err": {
                "message": "TestingLibraryElementError: Timed out retrying: Unable to find an accessible element with the role \"button\" and name `/deploy health 8.1.0/i`\n\nHere are the accessible roles:\n\n  document:\n\n  Name \"\":\n\n  \n  --------------------------------------------------\n  banner:\n\n  Name \"main header\":\n\n  \n  --------------------------------------------------\n  link:\n\n  Name \"Skip to main content\":\n\n  \n  Name \"IBM Maximo Application Suite\":\n\n  \n  Name \"All applications\":\n\n  \n  Name \"Learn more\":\n\n  \n  Name \"Focus sentinel\":\n\n  \n  Name \"Focus sentinel\":\n\n  \n  Name \"Application\":\n\n  \n  Name \"Tools\":\n\n  \n  --------------------------------------------------\n  button:\n\n  Name \"Administration\":\n\n  \n  Name \"AppSwitcher\":\n\n  \n  Name \"Overview\":\n\n  \n  Name \"Applications\":\n\n  \n  Name \"Users\":\n\n  \n  Name \"Configurations\":\n\n  \n  Name \"Integrations\":\n\n  \n  Name \"License and reporting\":\n\n  \n  Name \"Add application\":\n\n  \n  Name \"Close\":\n\n  \n  Name \"Select\":\n\n  \n  Name \"Select\":\n\n  \n  Name \"Select\":\n\n  \n  Name \"Select\":\n\n  \n  Name \"Deploy another version\":\n\n  \n  Name \"More actions\":\n\n  \n  --------------------------------------------------\n  menuitem:\n\n  Name \"Help\":\n\n  \n  Name \"user\":\n\n  \n  --------------------------------------------------\n  list:\n\n  Name \"AppSwitcher\":\n\n  \n  Name \"\":\n\n  \n  --------------------------------------------------\n  listitem:\n\n  Name \"\":\n\n  \n  Name \"\":\n\n  \n  --------------------------------------------------\n  heading:\n\n  Name \"Administration\":\n\n  \n  Name \"Health\":\n\n  \n  Name \"Available versions\":\n\n  \n  --------------------------------------------------\n  presentation:\n\n  Name \"\":\n\n  \n  --------------------------------------------------\n  dialog:\n\n  Name \"Health\":\n\n  \n  --------------------------------------------------\n  img:\n\n  Name \"Close\":\n\n  \n  Name \"More actions\":\n\n  \n  --------------------------------------------------\n  table:\n\n  Name \"\":\n\n  \n  Name \"\":\n\n  \n  --------------------------------------------------\n  rowgroup:\n\n  Name \"\":\n\n  \n  Name \"\":\n\n  \n  Name \"\":\n\n  \n  Name \"\":\n\n  \n  --------------------------------------------------\n  row:\n\n  Name \"Available version Release date\":\n\n  \n  Name \"8.0.0-pre.stable February 20, 2020 Select\":\n\n  \n  Name \"8.0.0-pre.dev February 20, 2020 Select\":\n\n  \n  Name \"8.0.0-pre.fvt February 20, 2020 Select\":\n\n  \n  Name \"8.0.0 February 20, 2020 Select\":\n\n  \n  Name \"Name Description Version Status\":\n\n  \n  Name \"Health Manage asset health through a consolidated asset view to optimize availability, maintenance, and replacement. 1.0.0 Deployed Update available More actions\":\n\n  \n  --------------------------------------------------\n  columnheader:\n\n  Name \"Available version\":\n\n  \n  Name \"Release date\":\n\n  \n  Name \"\":\n\n  \n  Name \"Name\":\n\n  \n  Name \"Description\":\n\n  \n  Name \"Version\":\n\n  \n  Name \"Status\":\n\n  \n  Name \"\":\n\n  \n  --------------------------------------------------\n  cell:\n\n  Name \"8.0.0-pre.stable\":\n\n  \n  Name \"February 20, 2020\":\n\n  \n  Name \"Select\":\n\n  \n  Name \"8.0.0-pre.dev\":\n\n  \n  Name \"February 20, 2020\":\n\n  \n  Name \"Select\":\n\n  \n  Name \"8.0.0-pre.fvt\":\n\n  \n  Name \"February 20, 2020\":\n\n  \n  Name \"Select\":\n\n  \n  Name \"8.0.0\":\n\n  \n  Name \"February 20, 2020\":\n\n  \n  Name \"Select\":\n\n  \n  Name \"Health\":\n\n  \n  Name \"Manage asset health through a consolidated asset view to optimize availability, maintenance, and replacement.\":\n\n  \n  Name \"1.0.0\":\n\n  \n  Name \"Deployed Update available\":\n\n  \n  Name \"More actions\":\n\n  \n  --------------------------------------------------\n  navigation:\n\n  Name \"\":\n\n  \n  --------------------------------------------------\n  tablist:\n\n  Name \"\":\n\n  \n  --------------------------------------------------\n  tab:\n\n  Name \"Application\":\n\n  \n  Name \"Tools\":\n\n  \n  --------------------------------------------------\n  tabpanel:\n\n  Name \"Application\":\n\n  \n  --------------------------------------------------",
                "estack": "TestingLibraryElementError: Timed out retrying: Unable to find an accessible element with the role \"button\" and name `/deploy health 8.1.0/i`\n\nHere are the accessible roles:\n\n  document:\n\n  Name \"\":\n\n  \n  --------------------------------------------------\n  banner:\n\n  Name \"main header\":\n\n  \n  --------------------------------------------------\n  link:\n\n  Name \"Skip to main content\":\n\n  \n  Name \"IBM Maximo Application Suite\":\n\n  \n  Name \"All applications\":\n\n  \n  Name \"Learn more\":\n\n  \n  Name \"Focus sentinel\":\n\n  \n  Name \"Focus sentinel\":\n\n  \n  Name \"Application\":\n\n  \n  Name \"Tools\":\n\n  \n  --------------------------------------------------\n  button:\n\n  Name \"Administration\":\n\n  \n  Name \"AppSwitcher\":\n\n  \n  Name \"Overview\":\n\n  \n  Name \"Applications\":\n\n  \n  Name \"Users\":\n\n  \n  Name \"Configurations\":\n\n  \n  Name \"Integrations\":\n\n  \n  Name \"License and reporting\":\n\n  \n  Name \"Add application\":\n\n  \n  Name \"Close\":\n\n  \n  Name \"Select\":\n\n  \n  Name \"Select\":\n\n  \n  Name \"Select\":\n\n  \n  Name \"Select\":\n\n  \n  Name \"Deploy another version\":\n\n  \n  Name \"More actions\":\n\n  \n  --------------------------------------------------\n  menuitem:\n\n  Name \"Help\":\n\n  \n  Name \"user\":\n\n  \n  --------------------------------------------------\n  list:\n\n  Name \"AppSwitcher\":\n\n  \n  Name \"\":\n\n  \n  --------------------------------------------------\n  listitem:\n\n  Name \"\":\n\n  \n  Name \"\":\n\n  \n  --------------------------------------------------\n  heading:\n\n  Name \"Administration\":\n\n  \n  Name \"Health\":\n\n  \n  Name \"Available versions\":\n\n  \n  --------------------------------------------------\n  presentation:\n\n  Name \"\":\n\n  \n  --------------------------------------------------\n  dialog:\n\n  Name \"Health\":\n\n  \n  --------------------------------------------------\n  img:\n\n  Name \"Close\":\n\n  \n  Name \"More actions\":\n\n  \n  --------------------------------------------------\n  table:\n\n  Name \"\":\n\n  \n  Name \"\":\n\n  \n  --------------------------------------------------\n  rowgroup:\n\n  Name \"\":\n\n  \n  Name \"\":\n\n  \n  Name \"\":\n\n  \n  Name \"\":\n\n  \n  --------------------------------------------------\n  row:\n\n  Name \"Available version Release date\":\n\n  \n  Name \"8.0.0-pre.stable February 20, 2020 Select\":\n\n  \n  Name \"8.0.0-pre.dev February 20, 2020 Select\":\n\n  \n  Name \"8.0.0-pre.fvt February 20, 2020 Select\":\n\n  \n  Name \"8.0.0 February 20, 2020 Select\":\n\n  \n  Name \"Name Description Version Status\":\n\n  \n  Name \"Health Manage asset health through a consolidated asset view to optimize availability, maintenance, and replacement. 1.0.0 Deployed Update available More actions\":\n\n  \n  --------------------------------------------------\n  columnheader:\n\n  Name \"Available version\":\n\n  \n  Name \"Release date\":\n\n  \n  Name \"\":\n\n  \n  Name \"Name\":\n\n  \n  Name \"Description\":\n\n  \n  Name \"Version\":\n\n  \n  Name \"Status\":\n\n  \n  Name \"\":\n\n  \n  --------------------------------------------------\n  cell:\n\n  Name \"8.0.0-pre.stable\":\n\n  \n  Name \"February 20, 2020\":\n\n  \n  Name \"Select\":\n\n  \n  Name \"8.0.0-pre.dev\":\n\n  \n  Name \"February 20, 2020\":\n\n  \n  Name \"Select\":\n\n  \n  Name \"8.0.0-pre.fvt\":\n\n  \n  Name \"February 20, 2020\":\n\n  \n  Name \"Select\":\n\n  \n  Name \"8.0.0\":\n\n  \n  Name \"February 20, 2020\":\n\n  \n  Name \"Select\":\n\n  \n  Name \"Health\":\n\n  \n  Name \"Manage asset health through a consolidated asset view to optimize availability, maintenance, and replacement.\":\n\n  \n  Name \"1.0.0\":\n\n  \n  Name \"Deployed Update available\":\n\n  \n  Name \"More actions\":\n\n  \n  --------------------------------------------------\n  navigation:\n\n  Name \"\":\n\n  \n  --------------------------------------------------\n  tablist:\n\n  Name \"\":\n\n  \n  --------------------------------------------------\n  tab:\n\n  Name \"Application\":\n\n  \n  Name \"Tools\":\n\n  \n  --------------------------------------------------\n  tabpanel:\n\n  Name \"Application\":\n\n  \n  --------------------------------------------------\n    at Object.getElementError (http://localhost:3001/__cypress/tests?p=cypress/support/index.js:1086:19)\n    at eval (http://localhost:3001/__cypress/tests?p=cypress/support/index.js:3466:38)\n    at eval (http://localhost:3001/__cypress/tests?p=cypress/support/index.js:3438:17)\n    at eval (http://localhost:3001/__cypress/tests?p=cypress/support/index.js:3482:19)\n    at baseCommandImpl (http://localhost:3001/__cypress/tests?p=cypress/support/index.js:892:16)\n    at commandImpl (http://localhost:3001/__cypress/tests?p=cypress/support/index.js:895:40)\n    at getValue (http://localhost:3001/__cypress/tests?p=cypress/support/index.js:919:23)\n    at resolveValue (http://localhost:3001/__cypress/tests?p=cypress/support/index.js:959:35)",
                "diff": null
              },
              "uuid": "a2b42794-7a14-4719-9549-59af2ec6efca",
              "parentUUID": "260f8f52-b9cb-4c43-88cf-61dbaaaf20f3",
              "isHook": false,
              "skipped": false
            },
            {
              "title": "clicks deploy version to deploy the latest verion of health",
              "fullTitle": "Path -  Manage Health App clicks deploy version to deploy the latest verion of health",
              "timedOut": null,
              "duration": 30358,
              "state": "failed",
              "speed": null,
              "pass": false,
              "fail": true,
              "pending": false,
              "context": "\"assets/Administration/Applications/AppManagement/Health/happy.spec.js/Path -  Manage Health App -- clicks deploy version to deploy the latest verion of health (failed).png\"",
              "code": "cy.findByRole('button', {\n  name: /deploy version/i\n}).click();",
              "err": {
                "message": "TestingLibraryElementError: Timed out retrying: Unable to find an accessible element with the role \"button\" and name `/deploy version/i`\n\nHere are the accessible roles:\n\n  document:\n\n  Name \"\":\n\n  \n  --------------------------------------------------\n  banner:\n\n  Name \"main header\":\n\n  \n  --------------------------------------------------\n  link:\n\n  Name \"Skip to main content\":\n\n  \n  Name \"IBM Maximo Application Suite\":\n\n  \n  Name \"All applications\":\n\n  \n  Name \"Learn more\":\n\n  \n  Name \"Focus sentinel\":\n\n  \n  Name \"Focus sentinel\":\n\n  \n  Name \"Application\":\n\n  \n  Name \"Tools\":\n\n  \n  --------------------------------------------------\n  button:\n\n  Name \"Administration\":\n\n  \n  Name \"AppSwitcher\":\n\n  \n  Name \"Overview\":\n\n  \n  Name \"Applications\":\n\n  \n  Name \"Users\":\n\n  \n  Name \"Configurations\":\n\n  \n  Name \"Integrations\":\n\n  \n  Name \"License and reporting\":\n\n  \n  Name \"Add application\":\n\n  \n  Name \"Close\":\n\n  \n  Name \"Select\":\n\n  \n  Name \"Select\":\n\n  \n  Name \"Select\":\n\n  \n  Name \"Select\":\n\n  \n  Name \"Deploy another version\":\n\n  \n  Name \"More actions\":\n\n  \n  --------------------------------------------------\n  menuitem:\n\n  Name \"Help\":\n\n  \n  Name \"user\":\n\n  \n  --------------------------------------------------\n  list:\n\n  Name \"AppSwitcher\":\n\n  \n  Name \"\":\n\n  \n  --------------------------------------------------\n  listitem:\n\n  Name \"\":\n\n  \n  Name \"\":\n\n  \n  --------------------------------------------------\n  heading:\n\n  Name \"Administration\":\n\n  \n  Name \"Health\":\n\n  \n  Name \"Available versions\":\n\n  \n  --------------------------------------------------\n  presentation:\n\n  Name \"\":\n\n  \n  --------------------------------------------------\n  dialog:\n\n  Name \"Health\":\n\n  \n  --------------------------------------------------\n  img:\n\n  Name \"Close\":\n\n  \n  Name \"More actions\":\n\n  \n  --------------------------------------------------\n  table:\n\n  Name \"\":\n\n  \n  Name \"\":\n\n  \n  --------------------------------------------------\n  rowgroup:\n\n  Name \"\":\n\n  \n  Name \"\":\n\n  \n  Name \"\":\n\n  \n  Name \"\":\n\n  \n  --------------------------------------------------\n  row:\n\n  Name \"Available version Release date\":\n\n  \n  Name \"8.0.0-pre.stable February 20, 2020 Select\":\n\n  \n  Name \"8.0.0-pre.dev February 20, 2020 Select\":\n\n  \n  Name \"8.0.0-pre.fvt February 20, 2020 Select\":\n\n  \n  Name \"8.0.0 February 20, 2020 Select\":\n\n  \n  Name \"Name Description Version Status\":\n\n  \n  Name \"Health Manage asset health through a consolidated asset view to optimize availability, maintenance, and replacement. 1.0.0 Deployed Update available More actions\":\n\n  \n  --------------------------------------------------\n  columnheader:\n\n  Name \"Available version\":\n\n  \n  Name \"Release date\":\n\n  \n  Name \"\":\n\n  \n  Name \"Name\":\n\n  \n  Name \"Description\":\n\n  \n  Name \"Version\":\n\n  \n  Name \"Status\":\n\n  \n  Name \"\":\n\n  \n  --------------------------------------------------\n  cell:\n\n  Name \"8.0.0-pre.stable\":\n\n  \n  Name \"February 20, 2020\":\n\n  \n  Name \"Select\":\n\n  \n  Name \"8.0.0-pre.dev\":\n\n  \n  Name \"February 20, 2020\":\n\n  \n  Name \"Select\":\n\n  \n  Name \"8.0.0-pre.fvt\":\n\n  \n  Name \"February 20, 2020\":\n\n  \n  Name \"Select\":\n\n  \n  Name \"8.0.0\":\n\n  \n  Name \"February 20, 2020\":\n\n  \n  Name \"Select\":\n\n  \n  Name \"Health\":\n\n  \n  Name \"Manage asset health through a consolidated asset view to optimize availability, maintenance, and replacement.\":\n\n  \n  Name \"1.0.0\":\n\n  \n  Name \"Deployed Update available\":\n\n  \n  Name \"More actions\":\n\n  \n  --------------------------------------------------\n  navigation:\n\n  Name \"\":\n\n  \n  --------------------------------------------------\n  tablist:\n\n  Name \"\":\n\n  \n  --------------------------------------------------\n  tab:\n\n  Name \"Application\":\n\n  \n  Name \"Tools\":\n\n  \n  --------------------------------------------------\n  tabpanel:\n\n  Name \"Application\":\n\n  \n  --------------------------------------------------",
                "estack": "TestingLibraryElementError: Timed out retrying: Unable to find an accessible element with the role \"button\" and name `/deploy version/i`\n\nHere are the accessible roles:\n\n  document:\n\n  Name \"\":\n\n  \n  --------------------------------------------------\n  banner:\n\n  Name \"main header\":\n\n  \n  --------------------------------------------------\n  link:\n\n  Name \"Skip to main content\":\n\n  \n  Name \"IBM Maximo Application Suite\":\n\n  \n  Name \"All applications\":\n\n  \n  Name \"Learn more\":\n\n  \n  Name \"Focus sentinel\":\n\n  \n  Name \"Focus sentinel\":\n\n  \n  Name \"Application\":\n\n  \n  Name \"Tools\":\n\n  \n  --------------------------------------------------\n  button:\n\n  Name \"Administration\":\n\n  \n  Name \"AppSwitcher\":\n\n  \n  Name \"Overview\":\n\n  \n  Name \"Applications\":\n\n  \n  Name \"Users\":\n\n  \n  Name \"Configurations\":\n\n  \n  Name \"Integrations\":\n\n  \n  Name \"License and reporting\":\n\n  \n  Name \"Add application\":\n\n  \n  Name \"Close\":\n\n  \n  Name \"Select\":\n\n  \n  Name \"Select\":\n\n  \n  Name \"Select\":\n\n  \n  Name \"Select\":\n\n  \n  Name \"Deploy another version\":\n\n  \n  Name \"More actions\":\n\n  \n  --------------------------------------------------\n  menuitem:\n\n  Name \"Help\":\n\n  \n  Name \"user\":\n\n  \n  --------------------------------------------------\n  list:\n\n  Name \"AppSwitcher\":\n\n  \n  Name \"\":\n\n  \n  --------------------------------------------------\n  listitem:\n\n  Name \"\":\n\n  \n  Name \"\":\n\n  \n  --------------------------------------------------\n  heading:\n\n  Name \"Administration\":\n\n  \n  Name \"Health\":\n\n  \n  Name \"Available versions\":\n\n  \n  --------------------------------------------------\n  presentation:\n\n  Name \"\":\n\n  \n  --------------------------------------------------\n  dialog:\n\n  Name \"Health\":\n\n  \n  --------------------------------------------------\n  img:\n\n  Name \"Close\":\n\n  \n  Name \"More actions\":\n\n  \n  --------------------------------------------------\n  table:\n\n  Name \"\":\n\n  \n  Name \"\":\n\n  \n  --------------------------------------------------\n  rowgroup:\n\n  Name \"\":\n\n  \n  Name \"\":\n\n  \n  Name \"\":\n\n  \n  Name \"\":\n\n  \n  --------------------------------------------------\n  row:\n\n  Name \"Available version Release date\":\n\n  \n  Name \"8.0.0-pre.stable February 20, 2020 Select\":\n\n  \n  Name \"8.0.0-pre.dev February 20, 2020 Select\":\n\n  \n  Name \"8.0.0-pre.fvt February 20, 2020 Select\":\n\n  \n  Name \"8.0.0 February 20, 2020 Select\":\n\n  \n  Name \"Name Description Version Status\":\n\n  \n  Name \"Health Manage asset health through a consolidated asset view to optimize availability, maintenance, and replacement. 1.0.0 Deployed Update available More actions\":\n\n  \n  --------------------------------------------------\n  columnheader:\n\n  Name \"Available version\":\n\n  \n  Name \"Release date\":\n\n  \n  Name \"\":\n\n  \n  Name \"Name\":\n\n  \n  Name \"Description\":\n\n  \n  Name \"Version\":\n\n  \n  Name \"Status\":\n\n  \n  Name \"\":\n\n  \n  --------------------------------------------------\n  cell:\n\n  Name \"8.0.0-pre.stable\":\n\n  \n  Name \"February 20, 2020\":\n\n  \n  Name \"Select\":\n\n  \n  Name \"8.0.0-pre.dev\":\n\n  \n  Name \"February 20, 2020\":\n\n  \n  Name \"Select\":\n\n  \n  Name \"8.0.0-pre.fvt\":\n\n  \n  Name \"February 20, 2020\":\n\n  \n  Name \"Select\":\n\n  \n  Name \"8.0.0\":\n\n  \n  Name \"February 20, 2020\":\n\n  \n  Name \"Select\":\n\n  \n  Name \"Health\":\n\n  \n  Name \"Manage asset health through a consolidated asset view to optimize availability, maintenance, and replacement.\":\n\n  \n  Name \"1.0.0\":\n\n  \n  Name \"Deployed Update available\":\n\n  \n  Name \"More actions\":\n\n  \n  --------------------------------------------------\n  navigation:\n\n  Name \"\":\n\n  \n  --------------------------------------------------\n  tablist:\n\n  Name \"\":\n\n  \n  --------------------------------------------------\n  tab:\n\n  Name \"Application\":\n\n  \n  Name \"Tools\":\n\n  \n  --------------------------------------------------\n  tabpanel:\n\n  Name \"Application\":\n\n  \n  --------------------------------------------------\n    at Object.getElementError (http://localhost:3001/__cypress/tests?p=cypress/support/index.js:1086:19)\n    at eval (http://localhost:3001/__cypress/tests?p=cypress/support/index.js:3466:38)\n    at eval (http://localhost:3001/__cypress/tests?p=cypress/support/index.js:3438:17)\n    at eval (http://localhost:3001/__cypress/tests?p=cypress/support/index.js:3482:19)\n    at baseCommandImpl (http://localhost:3001/__cypress/tests?p=cypress/support/index.js:892:16)\n    at commandImpl (http://localhost:3001/__cypress/tests?p=cypress/support/index.js:895:40)\n    at getValue (http://localhost:3001/__cypress/tests?p=cypress/support/index.js:919:23)\n    at resolveValue (http://localhost:3001/__cypress/tests?p=cypress/support/index.js:959:35)",
                "diff": null
              },
              "uuid": "6ff2a770-ec9a-47e4-ad81-4cacea96cfb8",
              "parentUUID": "260f8f52-b9cb-4c43-88cf-61dbaaaf20f3",
              "isHook": false,
              "skipped": false
            },
            {
              "title": "checks deploying status ",
              "fullTitle": "Path -  Manage Health App checks deploying status ",
              "timedOut": null,
              "duration": 30342,
              "state": "failed",
              "speed": null,
              "pass": false,
              "fail": true,
              "pending": false,
              "context": "\"assets/Administration/Applications/AppManagement/Health/happy.spec.js/Path -  Manage Health App -- checks deploying status  (failed).png\"",
              "code": "cy.findByRole('cell', {\n  name: /deploying.../i\n}).should('exist');",
              "err": {
                "message": "TestingLibraryElementError: Timed out retrying: Unable to find an accessible element with the role \"cell\" and name `/deploying.../i`\n\nHere are the accessible roles:\n\n  document:\n\n  Name \"\":\n\n  \n  --------------------------------------------------\n  banner:\n\n  Name \"main header\":\n\n  \n  --------------------------------------------------\n  link:\n\n  Name \"Skip to main content\":\n\n  \n  Name \"IBM Maximo Application Suite\":\n\n  \n  Name \"All applications\":\n\n  \n  Name \"Learn more\":\n\n  \n  Name \"Focus sentinel\":\n\n  \n  Name \"Focus sentinel\":\n\n  \n  Name \"Application\":\n\n  \n  Name \"Tools\":\n\n  \n  --------------------------------------------------\n  button:\n\n  Name \"Administration\":\n\n  \n  Name \"AppSwitcher\":\n\n  \n  Name \"Overview\":\n\n  \n  Name \"Applications\":\n\n  \n  Name \"Users\":\n\n  \n  Name \"Configurations\":\n\n  \n  Name \"Integrations\":\n\n  \n  Name \"License and reporting\":\n\n  \n  Name \"Add application\":\n\n  \n  Name \"Close\":\n\n  \n  Name \"Select\":\n\n  \n  Name \"Select\":\n\n  \n  Name \"Select\":\n\n  \n  Name \"Select\":\n\n  \n  Name \"Deploy another version\":\n\n  \n  Name \"More actions\":\n\n  \n  --------------------------------------------------\n  menuitem:\n\n  Name \"Help\":\n\n  \n  Name \"user\":\n\n  \n  --------------------------------------------------\n  list:\n\n  Name \"AppSwitcher\":\n\n  \n  Name \"\":\n\n  \n  --------------------------------------------------\n  listitem:\n\n  Name \"\":\n\n  \n  Name \"\":\n\n  \n  --------------------------------------------------\n  heading:\n\n  Name \"Administration\":\n\n  \n  Name \"Health\":\n\n  \n  Name \"Available versions\":\n\n  \n  --------------------------------------------------\n  presentation:\n\n  Name \"\":\n\n  \n  --------------------------------------------------\n  dialog:\n\n  Name \"Health\":\n\n  \n  --------------------------------------------------\n  img:\n\n  Name \"Close\":\n\n  \n  Name \"More actions\":\n\n  \n  --------------------------------------------------\n  table:\n\n  Name \"\":\n\n  \n  Name \"\":\n\n  \n  --------------------------------------------------\n  rowgroup:\n\n  Name \"\":\n\n  \n  Name \"\":\n\n  \n  Name \"\":\n\n  \n  Name \"\":\n\n  \n  --------------------------------------------------\n  row:\n\n  Name \"Available version Release date\":\n\n  \n  Name \"8.0.0-pre.stable February 20, 2020 Select\":\n\n  \n  Name \"8.0.0-pre.dev February 20, 2020 Select\":\n\n  \n  Name \"8.0.0-pre.fvt February 20, 2020 Select\":\n\n  \n  Name \"8.0.0 February 20, 2020 Select\":\n\n  \n  Name \"Name Description Version Status\":\n\n  \n  Name \"Health Manage asset health through a consolidated asset view to optimize availability, maintenance, and replacement. 1.0.0 Deployed Update available More actions\":\n\n  \n  --------------------------------------------------\n  columnheader:\n\n  Name \"Available version\":\n\n  \n  Name \"Release date\":\n\n  \n  Name \"\":\n\n  \n  Name \"Name\":\n\n  \n  Name \"Description\":\n\n  \n  Name \"Version\":\n\n  \n  Name \"Status\":\n\n  \n  Name \"\":\n\n  \n  --------------------------------------------------\n  cell:\n\n  Name \"8.0.0-pre.stable\":\n\n  \n  Name \"February 20, 2020\":\n\n  \n  Name \"Select\":\n\n  \n  Name \"8.0.0-pre.dev\":\n\n  \n  Name \"February 20, 2020\":\n\n  \n  Name \"Select\":\n\n  \n  Name \"8.0.0-pre.fvt\":\n\n  \n  Name \"February 20, 2020\":\n\n  \n  Name \"Select\":\n\n  \n  Name \"8.0.0\":\n\n  \n  Name \"February 20, 2020\":\n\n  \n  Name \"Select\":\n\n  \n  Name \"Health\":\n\n  \n  Name \"Manage asset health through a consolidated asset view to optimize availability, maintenance, and replacement.\":\n\n  \n  Name \"1.0.0\":\n\n  \n  Name \"Deployed Update available\":\n\n  \n  Name \"More actions\":\n\n  \n  --------------------------------------------------\n  navigation:\n\n  Name \"\":\n\n  \n  --------------------------------------------------\n  tablist:\n\n  Name \"\":\n\n  \n  --------------------------------------------------\n  tab:\n\n  Name \"Application\":\n\n  \n  Name \"Tools\":\n\n  \n  --------------------------------------------------\n  tabpanel:\n\n  Name \"Application\":\n\n  \n  --------------------------------------------------",
                "estack": "TestingLibraryElementError: Timed out retrying: Unable to find an accessible element with the role \"cell\" and name `/deploying.../i`\n\nHere are the accessible roles:\n\n  document:\n\n  Name \"\":\n\n  \n  --------------------------------------------------\n  banner:\n\n  Name \"main header\":\n\n  \n  --------------------------------------------------\n  link:\n\n  Name \"Skip to main content\":\n\n  \n  Name \"IBM Maximo Application Suite\":\n\n  \n  Name \"All applications\":\n\n  \n  Name \"Learn more\":\n\n  \n  Name \"Focus sentinel\":\n\n  \n  Name \"Focus sentinel\":\n\n  \n  Name \"Application\":\n\n  \n  Name \"Tools\":\n\n  \n  --------------------------------------------------\n  button:\n\n  Name \"Administration\":\n\n  \n  Name \"AppSwitcher\":\n\n  \n  Name \"Overview\":\n\n  \n  Name \"Applications\":\n\n  \n  Name \"Users\":\n\n  \n  Name \"Configurations\":\n\n  \n  Name \"Integrations\":\n\n  \n  Name \"License and reporting\":\n\n  \n  Name \"Add application\":\n\n  \n  Name \"Close\":\n\n  \n  Name \"Select\":\n\n  \n  Name \"Select\":\n\n  \n  Name \"Select\":\n\n  \n  Name \"Select\":\n\n  \n  Name \"Deploy another version\":\n\n  \n  Name \"More actions\":\n\n  \n  --------------------------------------------------\n  menuitem:\n\n  Name \"Help\":\n\n  \n  Name \"user\":\n\n  \n  --------------------------------------------------\n  list:\n\n  Name \"AppSwitcher\":\n\n  \n  Name \"\":\n\n  \n  --------------------------------------------------\n  listitem:\n\n  Name \"\":\n\n  \n  Name \"\":\n\n  \n  --------------------------------------------------\n  heading:\n\n  Name \"Administration\":\n\n  \n  Name \"Health\":\n\n  \n  Name \"Available versions\":\n\n  \n  --------------------------------------------------\n  presentation:\n\n  Name \"\":\n\n  \n  --------------------------------------------------\n  dialog:\n\n  Name \"Health\":\n\n  \n  --------------------------------------------------\n  img:\n\n  Name \"Close\":\n\n  \n  Name \"More actions\":\n\n  \n  --------------------------------------------------\n  table:\n\n  Name \"\":\n\n  \n  Name \"\":\n\n  \n  --------------------------------------------------\n  rowgroup:\n\n  Name \"\":\n\n  \n  Name \"\":\n\n  \n  Name \"\":\n\n  \n  Name \"\":\n\n  \n  --------------------------------------------------\n  row:\n\n  Name \"Available version Release date\":\n\n  \n  Name \"8.0.0-pre.stable February 20, 2020 Select\":\n\n  \n  Name \"8.0.0-pre.dev February 20, 2020 Select\":\n\n  \n  Name \"8.0.0-pre.fvt February 20, 2020 Select\":\n\n  \n  Name \"8.0.0 February 20, 2020 Select\":\n\n  \n  Name \"Name Description Version Status\":\n\n  \n  Name \"Health Manage asset health through a consolidated asset view to optimize availability, maintenance, and replacement. 1.0.0 Deployed Update available More actions\":\n\n  \n  --------------------------------------------------\n  columnheader:\n\n  Name \"Available version\":\n\n  \n  Name \"Release date\":\n\n  \n  Name \"\":\n\n  \n  Name \"Name\":\n\n  \n  Name \"Description\":\n\n  \n  Name \"Version\":\n\n  \n  Name \"Status\":\n\n  \n  Name \"\":\n\n  \n  --------------------------------------------------\n  cell:\n\n  Name \"8.0.0-pre.stable\":\n\n  \n  Name \"February 20, 2020\":\n\n  \n  Name \"Select\":\n\n  \n  Name \"8.0.0-pre.dev\":\n\n  \n  Name \"February 20, 2020\":\n\n  \n  Name \"Select\":\n\n  \n  Name \"8.0.0-pre.fvt\":\n\n  \n  Name \"February 20, 2020\":\n\n  \n  Name \"Select\":\n\n  \n  Name \"8.0.0\":\n\n  \n  Name \"February 20, 2020\":\n\n  \n  Name \"Select\":\n\n  \n  Name \"Health\":\n\n  \n  Name \"Manage asset health through a consolidated asset view to optimize availability, maintenance, and replacement.\":\n\n  \n  Name \"1.0.0\":\n\n  \n  Name \"Deployed Update available\":\n\n  \n  Name \"More actions\":\n\n  \n  --------------------------------------------------\n  navigation:\n\n  Name \"\":\n\n  \n  --------------------------------------------------\n  tablist:\n\n  Name \"\":\n\n  \n  --------------------------------------------------\n  tab:\n\n  Name \"Application\":\n\n  \n  Name \"Tools\":\n\n  \n  --------------------------------------------------\n  tabpanel:\n\n  Name \"Application\":\n\n  \n  --------------------------------------------------\n    at Object.getElementError (http://localhost:3001/__cypress/tests?p=cypress/support/index.js:1086:19)\n    at eval (http://localhost:3001/__cypress/tests?p=cypress/support/index.js:3466:38)\n    at eval (http://localhost:3001/__cypress/tests?p=cypress/support/index.js:3438:17)\n    at eval (http://localhost:3001/__cypress/tests?p=cypress/support/index.js:3482:19)\n    at baseCommandImpl (http://localhost:3001/__cypress/tests?p=cypress/support/index.js:892:16)\n    at commandImpl (http://localhost:3001/__cypress/tests?p=cypress/support/index.js:895:40)\n    at getValue (http://localhost:3001/__cypress/tests?p=cypress/support/index.js:919:23)\n    at resolveValue (http://localhost:3001/__cypress/tests?p=cypress/support/index.js:959:35)",
                "diff": null
              },
              "uuid": "07bfdae1-7bad-4fe8-b7c5-46ad23b02828",
              "parentUUID": "260f8f52-b9cb-4c43-88cf-61dbaaaf20f3",
              "isHook": false,
              "skipped": false
            },
            {
              "title": "clicks debug info in overflow menu",
              "fullTitle": "Path -  Manage Health App clicks debug info in overflow menu",
              "timedOut": null,
              "duration": 30435,
              "state": "failed",
              "speed": null,
              "pass": false,
              "fail": true,
              "pending": false,
              "context": "\"assets/Administration/Applications/AppManagement/Health/happy.spec.js/Path -  Manage Health App -- clicks debug info in overflow menu (failed).png\"",
              "code": "cy.findByRole('button', {\n  name: /more actions/i\n}).click();\ncy.findByRole('button', {\n  name: /debug info/i\n}).click();",
              "err": {
                "message": "CypressError: Timed out retrying: `cy.click()` failed because this element:\n\n`<button data-testid=\"table-1-health-row-actions-cell-overflow\" class=\"iot--row-actions-cell--overflow-menu bx--overflow-menu\" type=\"button\" aria-haspopup=\"true\" aria-expanded=\"false\" aria-label=\"More actions\" id=\"table-1-health-row-actions-cell-overflow\" tabindex=\"0\">...</button>`\n\nis being covered by another element:\n\n`<div class=\"bx--modal is-visible app-version-list-modal\" role=\"presentation\">...</div>`\n\nFix this problem, or use {force: true} to disable error checking.\n\nhttps://on.cypress.io/element-cannot-be-interacted-with",
                "estack": "CypressError: Timed out retrying: `cy.click()` failed because this element:\n\n`<button data-testid=\"table-1-health-row-actions-cell-overflow\" class=\"iot--row-actions-cell--overflow-menu bx--overflow-menu\" type=\"button\" aria-haspopup=\"true\" aria-expanded=\"false\" aria-label=\"More actions\" id=\"table-1-health-row-actions-cell-overflow\" tabindex=\"0\">...</button>`\n\nis being covered by another element:\n\n`<div class=\"bx--modal is-visible app-version-list-modal\" role=\"presentation\">...</div>`\n\nFix this problem, or use {force: true} to disable error checking.\n\nhttps://on.cypress.io/element-cannot-be-interacted-with\n    at $Cy.ensureDescendents (http://localhost:3001/__cypress/runner/cypress_runner.js:160376:26)\n    at ensureDescendents (http://localhost:3001/__cypress/runner/cypress_runner.js:149064:8)\n    at ensureDescendentsAndScroll (http://localhost:3001/__cypress/runner/cypress_runner.js:149071:14)\n    at ensureElIsNotCovered (http://localhost:3001/__cypress/runner/cypress_runner.js:149200:5)\n    at runAllChecks (http://localhost:3001/__cypress/runner/cypress_runner.js:149337:52)\n    at retryActionability (http://localhost:3001/__cypress/runner/cypress_runner.js:149352:16)\n    at tryCatcher (http://localhost:3001/__cypress/runner/cypress_runner.js:9956:23)\n    at Function.Promise.attempt.Promise.try (http://localhost:3001/__cypress/runner/cypress_runner.js:7230:29)\n    at tryFn (http://localhost:3001/__cypress/runner/cypress_runner.js:163481:24)\n    at whenStable (http://localhost:3001/__cypress/runner/cypress_runner.js:163522:12)\n    at http://localhost:3001/__cypress/runner/cypress_runner.js:163040:16\n    at tryCatcher (http://localhost:3001/__cypress/runner/cypress_runner.js:9956:23)\n    at Promise._settlePromiseFromHandler (http://localhost:3001/__cypress/runner/cypress_runner.js:7891:31)\n    at Promise._settlePromise (http://localhost:3001/__cypress/runner/cypress_runner.js:7948:18)\n    at Promise._settlePromise0 (http://localhost:3001/__cypress/runner/cypress_runner.js:7993:10)\n    at Promise._settlePromises (http://localhost:3001/__cypress/runner/cypress_runner.js:8073:18)\nFrom Your Spec Code:\n    at Context.eval (http://localhost:3001/__cypress/tests?p=cypress/integration/mas/Administration/Applications/AppManagement/Health/happy.spec.js:60:8)",
                "diff": null
              },
              "uuid": "7980c420-3eeb-4097-be82-87f56b575b23",
              "parentUUID": "260f8f52-b9cb-4c43-88cf-61dbaaaf20f3",
              "isHook": false,
              "skipped": false
            },
            {
              "title": "clicks on health entry",
              "fullTitle": "Path -  Manage Health App clicks on health entry",
              "timedOut": null,
              "duration": 30424,
              "state": "failed",
              "speed": null,
              "pass": false,
              "fail": true,
              "pending": false,
              "context": "\"assets/Administration/Applications/AppManagement/Health/happy.spec.js/Path -  Manage Health App -- clicks on health entry (failed).png\"",
              "code": "cy.findAllByRole('cell', {\n  name: /health/i\n}).first().click();",
              "err": {
                "message": "CypressError: Timed out retrying: `cy.click()` failed because this element:\n\n`<td id=\"cell-table-1-health-application\" data-column=\"application\" data-offset=\"0\" offset=\"0\" align=\"start\" class=\"data-table-start\">...</td>`\n\nis being covered by another element:\n\n`<p>The fol...</p>`\n\nFix this problem, or use {force: true} to disable error checking.\n\nhttps://on.cypress.io/element-cannot-be-interacted-with",
                "estack": "CypressError: Timed out retrying: `cy.click()` failed because this element:\n\n`<td id=\"cell-table-1-health-application\" data-column=\"application\" data-offset=\"0\" offset=\"0\" align=\"start\" class=\"data-table-start\">...</td>`\n\nis being covered by another element:\n\n`<p>The fol...</p>`\n\nFix this problem, or use {force: true} to disable error checking.\n\nhttps://on.cypress.io/element-cannot-be-interacted-with\n    at $Cy.ensureDescendents (http://localhost:3001/__cypress/runner/cypress_runner.js:160376:26)\n    at ensureDescendents (http://localhost:3001/__cypress/runner/cypress_runner.js:149064:8)\n    at ensureDescendentsAndScroll (http://localhost:3001/__cypress/runner/cypress_runner.js:149071:14)\n    at ensureElIsNotCovered (http://localhost:3001/__cypress/runner/cypress_runner.js:149200:5)\n    at runAllChecks (http://localhost:3001/__cypress/runner/cypress_runner.js:149337:52)\n    at retryActionability (http://localhost:3001/__cypress/runner/cypress_runner.js:149352:16)\n    at tryCatcher (http://localhost:3001/__cypress/runner/cypress_runner.js:9956:23)\n    at Function.Promise.attempt.Promise.try (http://localhost:3001/__cypress/runner/cypress_runner.js:7230:29)\n    at tryFn (http://localhost:3001/__cypress/runner/cypress_runner.js:163481:24)\n    at whenStable (http://localhost:3001/__cypress/runner/cypress_runner.js:163522:12)\n    at http://localhost:3001/__cypress/runner/cypress_runner.js:163040:16\n    at tryCatcher (http://localhost:3001/__cypress/runner/cypress_runner.js:9956:23)\n    at Promise._settlePromiseFromHandler (http://localhost:3001/__cypress/runner/cypress_runner.js:7891:31)\n    at Promise._settlePromise (http://localhost:3001/__cypress/runner/cypress_runner.js:7948:18)\n    at Promise._settlePromise0 (http://localhost:3001/__cypress/runner/cypress_runner.js:7993:10)\n    at Promise._settlePromises (http://localhost:3001/__cypress/runner/cypress_runner.js:8073:18)\nFrom Your Spec Code:\n    at Context.eval (http://localhost:3001/__cypress/tests?p=cypress/integration/mas/Administration/Applications/AppManagement/Health/happy.spec.js:68:16)",
                "diff": null
              },
              "uuid": "a775d74a-516f-46e4-ad70-b308220ffa3d",
              "parentUUID": "260f8f52-b9cb-4c43-88cf-61dbaaaf20f3",
              "isHook": false,
              "skipped": false
            },
            {
              "title": "directs to health application page",
              "fullTitle": "Path -  Manage Health App directs to health application page",
              "timedOut": null,
              "duration": 30375,
              "state": "failed",
              "speed": null,
              "pass": false,
              "fail": true,
              "pending": false,
              "context": "\"assets/Administration/Applications/AppManagement/Health/happy.spec.js/Path -  Manage Health App -- directs to health application page (failed).png\"",
              "code": "cy.url().should('include', '/applications/health');",
              "err": {
                "message": "AssertionError: Timed out retrying: expected 'http://localhost:3001/_admin/applications' to include '/applications/health'",
                "estack": "AssertionError: Timed out retrying: expected 'http://localhost:3001/_admin/applications' to include '/applications/health'\n    at Context.eval (http://localhost:3001/__cypress/tests?p=cypress/integration/mas/Administration/Applications/AppManagement/Health/happy.spec.js:71:14)",
                "diff": null
              },
              "uuid": "0784baa8-8e3c-45dd-a900-42f166ec4fee",
              "parentUUID": "260f8f52-b9cb-4c43-88cf-61dbaaaf20f3",
              "isHook": false,
              "skipped": false
            },
            {
              "title": "checks applications deployment status",
              "fullTitle": "Path -  Manage Health App checks applications deployment status",
              "timedOut": null,
              "duration": 30365,
              "state": "failed",
              "speed": null,
              "pass": false,
              "fail": true,
              "pending": false,
              "context": "\"assets/Administration/Applications/AppManagement/Health/happy.spec.js/Path -  Manage Health App -- checks applications deployment status (failed).png\"",
              "code": "// cy.findByRole('svg', {name: /active loading indicator/i}).should('exist');\ncy.findByText(/deployment status pending/i).should('exist'); // cy.findByRole('svg', {name: /active loading indicator/i}).should('not.exist');\ncy.findByText(/deployment status pending/i).should('not.exist');",
              "err": {
                "message": "TestingLibraryElementError: Timed out retrying: Unable to find an element with the text: /deployment status pending/i. This could be because the text is broken up by multiple elements. In this case, you can provide a function for your text matcher to make your matcher more flexible.",
                "estack": "TestingLibraryElementError: Timed out retrying: Unable to find an element with the text: /deployment status pending/i. This could be because the text is broken up by multiple elements. In this case, you can provide a function for your text matcher to make your matcher more flexible.\n    at Object.getElementError (http://localhost:3001/__cypress/tests?p=cypress/support/index.js:1086:19)\n    at eval (http://localhost:3001/__cypress/tests?p=cypress/support/index.js:3466:38)\n    at eval (http://localhost:3001/__cypress/tests?p=cypress/support/index.js:3438:17)\n    at eval (http://localhost:3001/__cypress/tests?p=cypress/support/index.js:3482:19)\n    at baseCommandImpl (http://localhost:3001/__cypress/tests?p=cypress/support/index.js:892:16)\n    at commandImpl (http://localhost:3001/__cypress/tests?p=cypress/support/index.js:895:40)\n    at getValue (http://localhost:3001/__cypress/tests?p=cypress/support/index.js:919:23)\n    at resolveValue (http://localhost:3001/__cypress/tests?p=cypress/support/index.js:959:35)",
                "diff": null
              },
              "uuid": "562d43ef-ff08-4cd6-b9ad-5313255623cf",
              "parentUUID": "260f8f52-b9cb-4c43-88cf-61dbaaaf20f3",
              "isHook": false,
              "skipped": false
            },
            {
              "title": "clicks applications breadcrumbs",
              "fullTitle": "Path -  Manage Health App clicks applications breadcrumbs",
              "timedOut": null,
              "duration": 30369,
              "state": "failed",
              "speed": null,
              "pass": false,
              "fail": true,
              "pending": false,
              "context": "\"assets/Administration/Applications/AppManagement/Health/happy.spec.js/Path -  Manage Health App -- clicks applications breadcrumbs (failed).png\"",
              "code": "cy.findByRole('link', {\n  name: 'Applications'\n}).click();",
              "err": {
                "message": "TestingLibraryElementError: Timed out retrying: Unable to find an accessible element with the role \"link\" and name \"Applications\"\n\nHere are the accessible roles:\n\n  document:\n\n  Name \"\":\n\n  \n  --------------------------------------------------\n  banner:\n\n  Name \"main header\":\n\n  \n  --------------------------------------------------\n  link:\n\n  Name \"Skip to main content\":\n\n  \n  Name \"IBM Maximo Application Suite\":\n\n  \n  Name \"All applications\":\n\n  \n  Name \"Learn more\":\n\n  \n  Name \"Focus sentinel\":\n\n  \n  Name \"Focus sentinel\":\n\n  \n  Name \"Application\":\n\n  \n  Name \"Tools\":\n\n  \n  --------------------------------------------------\n  button:\n\n  Name \"Administration\":\n\n  \n  Name \"AppSwitcher\":\n\n  \n  Name \"Overview\":\n\n  \n  Name \"Applications\":\n\n  \n  Name \"Users\":\n\n  \n  Name \"Configurations\":\n\n  \n  Name \"Integrations\":\n\n  \n  Name \"License and reporting\":\n\n  \n  Name \"Add application\":\n\n  \n  Name \"Close\":\n\n  \n  Name \"Select\":\n\n  \n  Name \"Select\":\n\n  \n  Name \"Select\":\n\n  \n  Name \"Select\":\n\n  \n  Name \"Deploy another version\":\n\n  \n  Name \"More actions\":\n\n  \n  --------------------------------------------------\n  menuitem:\n\n  Name \"Help\":\n\n  \n  Name \"user\":\n\n  \n  --------------------------------------------------\n  list:\n\n  Name \"AppSwitcher\":\n\n  \n  Name \"\":\n\n  \n  --------------------------------------------------\n  listitem:\n\n  Name \"\":\n\n  \n  Name \"\":\n\n  \n  --------------------------------------------------\n  heading:\n\n  Name \"Administration\":\n\n  \n  Name \"Health\":\n\n  \n  Name \"Available versions\":\n\n  \n  --------------------------------------------------\n  presentation:\n\n  Name \"\":\n\n  \n  --------------------------------------------------\n  dialog:\n\n  Name \"Health\":\n\n  \n  --------------------------------------------------\n  img:\n\n  Name \"Close\":\n\n  \n  Name \"More actions\":\n\n  \n  --------------------------------------------------\n  table:\n\n  Name \"\":\n\n  \n  Name \"\":\n\n  \n  --------------------------------------------------\n  rowgroup:\n\n  Name \"\":\n\n  \n  Name \"\":\n\n  \n  Name \"\":\n\n  \n  Name \"\":\n\n  \n  --------------------------------------------------\n  row:\n\n  Name \"Available version Release date\":\n\n  \n  Name \"8.0.0-pre.stable February 20, 2020 Select\":\n\n  \n  Name \"8.0.0-pre.dev February 20, 2020 Select\":\n\n  \n  Name \"8.0.0-pre.fvt February 20, 2020 Select\":\n\n  \n  Name \"8.0.0 February 20, 2020 Select\":\n\n  \n  Name \"Name Description Version Status\":\n\n  \n  Name \"Health Manage asset health through a consolidated asset view to optimize availability, maintenance, and replacement. 1.0.0 Deployed Update available More actions\":\n\n  \n  --------------------------------------------------\n  columnheader:\n\n  Name \"Available version\":\n\n  \n  Name \"Release date\":\n\n  \n  Name \"\":\n\n  \n  Name \"Name\":\n\n  \n  Name \"Description\":\n\n  \n  Name \"Version\":\n\n  \n  Name \"Status\":\n\n  \n  Name \"\":\n\n  \n  --------------------------------------------------\n  cell:\n\n  Name \"8.0.0-pre.stable\":\n\n  \n  Name \"February 20, 2020\":\n\n  \n  Name \"Select\":\n\n  \n  Name \"8.0.0-pre.dev\":\n\n  \n  Name \"February 20, 2020\":\n\n  \n  Name \"Select\":\n\n  \n  Name \"8.0.0-pre.fvt\":\n\n  \n  Name \"February 20, 2020\":\n\n  \n  Name \"Select\":\n\n  \n  Name \"8.0.0\":\n\n  \n  Name \"February 20, 2020\":\n\n  \n  Name \"Select\":\n\n  \n  Name \"Health\":\n\n  \n  Name \"Manage asset health through a consolidated asset view to optimize availability, maintenance, and replacement.\":\n\n  \n  Name \"1.0.0\":\n\n  \n  Name \"Deployed Update available\":\n\n  \n  Name \"More actions\":\n\n  \n  --------------------------------------------------\n  navigation:\n\n  Name \"\":\n\n  \n  --------------------------------------------------\n  tablist:\n\n  Name \"\":\n\n  \n  --------------------------------------------------\n  tab:\n\n  Name \"Application\":\n\n  \n  Name \"Tools\":\n\n  \n  --------------------------------------------------\n  tabpanel:\n\n  Name \"Application\":\n\n  \n  --------------------------------------------------",
                "estack": "TestingLibraryElementError: Timed out retrying: Unable to find an accessible element with the role \"link\" and name \"Applications\"\n\nHere are the accessible roles:\n\n  document:\n\n  Name \"\":\n\n  \n  --------------------------------------------------\n  banner:\n\n  Name \"main header\":\n\n  \n  --------------------------------------------------\n  link:\n\n  Name \"Skip to main content\":\n\n  \n  Name \"IBM Maximo Application Suite\":\n\n  \n  Name \"All applications\":\n\n  \n  Name \"Learn more\":\n\n  \n  Name \"Focus sentinel\":\n\n  \n  Name \"Focus sentinel\":\n\n  \n  Name \"Application\":\n\n  \n  Name \"Tools\":\n\n  \n  --------------------------------------------------\n  button:\n\n  Name \"Administration\":\n\n  \n  Name \"AppSwitcher\":\n\n  \n  Name \"Overview\":\n\n  \n  Name \"Applications\":\n\n  \n  Name \"Users\":\n\n  \n  Name \"Configurations\":\n\n  \n  Name \"Integrations\":\n\n  \n  Name \"License and reporting\":\n\n  \n  Name \"Add application\":\n\n  \n  Name \"Close\":\n\n  \n  Name \"Select\":\n\n  \n  Name \"Select\":\n\n  \n  Name \"Select\":\n\n  \n  Name \"Select\":\n\n  \n  Name \"Deploy another version\":\n\n  \n  Name \"More actions\":\n\n  \n  --------------------------------------------------\n  menuitem:\n\n  Name \"Help\":\n\n  \n  Name \"user\":\n\n  \n  --------------------------------------------------\n  list:\n\n  Name \"AppSwitcher\":\n\n  \n  Name \"\":\n\n  \n  --------------------------------------------------\n  listitem:\n\n  Name \"\":\n\n  \n  Name \"\":\n\n  \n  --------------------------------------------------\n  heading:\n\n  Name \"Administration\":\n\n  \n  Name \"Health\":\n\n  \n  Name \"Available versions\":\n\n  \n  --------------------------------------------------\n  presentation:\n\n  Name \"\":\n\n  \n  --------------------------------------------------\n  dialog:\n\n  Name \"Health\":\n\n  \n  --------------------------------------------------\n  img:\n\n  Name \"Close\":\n\n  \n  Name \"More actions\":\n\n  \n  --------------------------------------------------\n  table:\n\n  Name \"\":\n\n  \n  Name \"\":\n\n  \n  --------------------------------------------------\n  rowgroup:\n\n  Name \"\":\n\n  \n  Name \"\":\n\n  \n  Name \"\":\n\n  \n  Name \"\":\n\n  \n  --------------------------------------------------\n  row:\n\n  Name \"Available version Release date\":\n\n  \n  Name \"8.0.0-pre.stable February 20, 2020 Select\":\n\n  \n  Name \"8.0.0-pre.dev February 20, 2020 Select\":\n\n  \n  Name \"8.0.0-pre.fvt February 20, 2020 Select\":\n\n  \n  Name \"8.0.0 February 20, 2020 Select\":\n\n  \n  Name \"Name Description Version Status\":\n\n  \n  Name \"Health Manage asset health through a consolidated asset view to optimize availability, maintenance, and replacement. 1.0.0 Deployed Update available More actions\":\n\n  \n  --------------------------------------------------\n  columnheader:\n\n  Name \"Available version\":\n\n  \n  Name \"Release date\":\n\n  \n  Name \"\":\n\n  \n  Name \"Name\":\n\n  \n  Name \"Description\":\n\n  \n  Name \"Version\":\n\n  \n  Name \"Status\":\n\n  \n  Name \"\":\n\n  \n  --------------------------------------------------\n  cell:\n\n  Name \"8.0.0-pre.stable\":\n\n  \n  Name \"February 20, 2020\":\n\n  \n  Name \"Select\":\n\n  \n  Name \"8.0.0-pre.dev\":\n\n  \n  Name \"February 20, 2020\":\n\n  \n  Name \"Select\":\n\n  \n  Name \"8.0.0-pre.fvt\":\n\n  \n  Name \"February 20, 2020\":\n\n  \n  Name \"Select\":\n\n  \n  Name \"8.0.0\":\n\n  \n  Name \"February 20, 2020\":\n\n  \n  Name \"Select\":\n\n  \n  Name \"Health\":\n\n  \n  Name \"Manage asset health through a consolidated asset view to optimize availability, maintenance, and replacement.\":\n\n  \n  Name \"1.0.0\":\n\n  \n  Name \"Deployed Update available\":\n\n  \n  Name \"More actions\":\n\n  \n  --------------------------------------------------\n  navigation:\n\n  Name \"\":\n\n  \n  --------------------------------------------------\n  tablist:\n\n  Name \"\":\n\n  \n  --------------------------------------------------\n  tab:\n\n  Name \"Application\":\n\n  \n  Name \"Tools\":\n\n  \n  --------------------------------------------------\n  tabpanel:\n\n  Name \"Application\":\n\n  \n  --------------------------------------------------\n    at Object.getElementError (http://localhost:3001/__cypress/tests?p=cypress/support/index.js:1086:19)\n    at eval (http://localhost:3001/__cypress/tests?p=cypress/support/index.js:3466:38)\n    at eval (http://localhost:3001/__cypress/tests?p=cypress/support/index.js:3438:17)\n    at eval (http://localhost:3001/__cypress/tests?p=cypress/support/index.js:3482:19)\n    at baseCommandImpl (http://localhost:3001/__cypress/tests?p=cypress/support/index.js:892:16)\n    at commandImpl (http://localhost:3001/__cypress/tests?p=cypress/support/index.js:895:40)\n    at getValue (http://localhost:3001/__cypress/tests?p=cypress/support/index.js:919:23)\n    at resolveValue (http://localhost:3001/__cypress/tests?p=cypress/support/index.js:959:35)",
                "diff": null
              },
              "uuid": "cfb008be-9b56-4633-8a61-fdda90a29e2b",
              "parentUUID": "260f8f52-b9cb-4c43-88cf-61dbaaaf20f3",
              "isHook": false,
              "skipped": false
            },
            {
              "title": "checks deploying is finished ",
              "fullTitle": "Path -  Manage Health App checks deploying is finished ",
              "timedOut": null,
              "duration": 71,
              "state": "passed",
              "speed": "medium",
              "pass": true,
              "fail": false,
              "pending": false,
              "context": null,
              "code": "cy.findByRole('cell', {\n  name: /deploying.../i,\n  timeout: 5000\n}).should('not.exist');\ncy.findByRole('cell', {\n  name: /deployed/i,\n  timeout: 5000\n}).should('exist');",
              "err": {},
              "uuid": "9e0ef9c9-35cf-41df-96eb-3624bb94ce87",
              "parentUUID": "260f8f52-b9cb-4c43-88cf-61dbaaaf20f3",
              "isHook": false,
              "skipped": false
            },
            {
              "title": "clicks delete application in overflow menu",
              "fullTitle": "Path -  Manage Health App clicks delete application in overflow menu",
              "timedOut": null,
              "duration": 30436,
              "state": "failed",
              "speed": null,
              "pass": false,
              "fail": true,
              "pending": false,
              "context": "\"assets/Administration/Applications/AppManagement/Health/happy.spec.js/Path -  Manage Health App -- clicks delete application in overflow menu (failed).png\"",
              "code": "cy.findByRole('button', {\n  name: /more actions/i\n}).click();\ncy.findByRole('menu').within(function () {\n  cy.findByRole('button', {\n    name: 'Delete application'\n  }).click();\n});\ncy.findByRole('dialog').within(function () {\n  cy.findByRole('button', {\n    name: /delete application/i\n  }).click();\n});",
              "err": {
                "message": "CypressError: Timed out retrying: `cy.click()` failed because this element:\n\n`<button data-testid=\"table-1-health-row-actions-cell-overflow\" class=\"iot--row-actions-cell--overflow-menu bx--overflow-menu\" type=\"button\" aria-haspopup=\"true\" aria-expanded=\"false\" aria-label=\"More actions\" id=\"table-1-health-row-actions-cell-overflow\" tabindex=\"0\">...</button>`\n\nis being covered by another element:\n\n`<div class=\"bx--modal is-visible app-version-list-modal\" role=\"presentation\">...</div>`\n\nFix this problem, or use {force: true} to disable error checking.\n\nhttps://on.cypress.io/element-cannot-be-interacted-with",
                "estack": "CypressError: Timed out retrying: `cy.click()` failed because this element:\n\n`<button data-testid=\"table-1-health-row-actions-cell-overflow\" class=\"iot--row-actions-cell--overflow-menu bx--overflow-menu\" type=\"button\" aria-haspopup=\"true\" aria-expanded=\"false\" aria-label=\"More actions\" id=\"table-1-health-row-actions-cell-overflow\" tabindex=\"0\">...</button>`\n\nis being covered by another element:\n\n`<div class=\"bx--modal is-visible app-version-list-modal\" role=\"presentation\">...</div>`\n\nFix this problem, or use {force: true} to disable error checking.\n\nhttps://on.cypress.io/element-cannot-be-interacted-with\n    at $Cy.ensureDescendents (http://localhost:3001/__cypress/runner/cypress_runner.js:160376:26)\n    at ensureDescendents (http://localhost:3001/__cypress/runner/cypress_runner.js:149064:8)\n    at ensureDescendentsAndScroll (http://localhost:3001/__cypress/runner/cypress_runner.js:149071:14)\n    at ensureElIsNotCovered (http://localhost:3001/__cypress/runner/cypress_runner.js:149200:5)\n    at runAllChecks (http://localhost:3001/__cypress/runner/cypress_runner.js:149337:52)\n    at retryActionability (http://localhost:3001/__cypress/runner/cypress_runner.js:149352:16)\n    at tryCatcher (http://localhost:3001/__cypress/runner/cypress_runner.js:9956:23)\n    at Function.Promise.attempt.Promise.try (http://localhost:3001/__cypress/runner/cypress_runner.js:7230:29)\n    at tryFn (http://localhost:3001/__cypress/runner/cypress_runner.js:163481:24)\n    at whenStable (http://localhost:3001/__cypress/runner/cypress_runner.js:163522:12)\n    at http://localhost:3001/__cypress/runner/cypress_runner.js:163040:16\n    at tryCatcher (http://localhost:3001/__cypress/runner/cypress_runner.js:9956:23)\n    at Promise._settlePromiseFromHandler (http://localhost:3001/__cypress/runner/cypress_runner.js:7891:31)\n    at Promise._settlePromise (http://localhost:3001/__cypress/runner/cypress_runner.js:7948:18)\n    at Promise._settlePromise0 (http://localhost:3001/__cypress/runner/cypress_runner.js:7993:10)\n    at Promise._settlePromises (http://localhost:3001/__cypress/runner/cypress_runner.js:8073:18)\nFrom Your Spec Code:\n    at Context.eval (http://localhost:3001/__cypress/tests?p=cypress/integration/mas/Administration/Applications/AppManagement/Health/happy.spec.js:97:8)",
                "diff": null
              },
              "uuid": "15787a9a-e0b5-4955-b4e9-7e60de47981b",
              "parentUUID": "260f8f52-b9cb-4c43-88cf-61dbaaaf20f3",
              "isHook": false,
              "skipped": false
            },
            {
              "title": "checks deleting status",
              "fullTitle": "Path -  Manage Health App checks deleting status",
              "timedOut": null,
              "duration": 33,
              "state": "passed",
              "speed": "fast",
              "pass": true,
              "fail": false,
              "pending": false,
              "context": null,
              "code": "",
              "err": {},
              "uuid": "6cbe7c38-a921-4190-b845-acafe40b8178",
              "parentUUID": "260f8f52-b9cb-4c43-88cf-61dbaaaf20f3",
              "isHook": false,
              "skipped": false
            },
            {
              "title": "checks app is deleted",
              "fullTitle": "Path -  Manage Health App checks app is deleted",
              "timedOut": null,
              "duration": 29,
              "state": "passed",
              "speed": "fast",
              "pass": true,
              "fail": false,
              "pending": false,
              "context": null,
              "code": "",
              "err": {},
              "uuid": "a48cb77b-89c1-4e07-96c8-5db7a9fe6ba5",
              "parentUUID": "260f8f52-b9cb-4c43-88cf-61dbaaaf20f3",
              "isHook": false,
              "skipped": false
            }
          ],
          "suites": [],
          "passes": [
            "079d58da-c023-437b-b87b-5d0e5d1734df",
            "3ded84c6-8788-46a6-bf31-8a1cbb1f0762",
            "b1881138-f334-40e4-82f8-de2513d87aeb",
            "36663cbb-587f-44c0-bdd0-4c72f0d59544",
            "9e0ef9c9-35cf-41df-96eb-3624bb94ce87",
            "6cbe7c38-a921-4190-b845-acafe40b8178",
            "a48cb77b-89c1-4e07-96c8-5db7a9fe6ba5"
          ],
          "failures": [
            "a2b42794-7a14-4719-9549-59af2ec6efca",
            "6ff2a770-ec9a-47e4-ad81-4cacea96cfb8",
            "07bfdae1-7bad-4fe8-b7c5-46ad23b02828",
            "7980c420-3eeb-4097-be82-87f56b575b23",
            "a775d74a-516f-46e4-ad70-b308220ffa3d",
            "0784baa8-8e3c-45dd-a900-42f166ec4fee",
            "562d43ef-ff08-4cd6-b9ad-5313255623cf",
            "cfb008be-9b56-4633-8a61-fdda90a29e2b",
            "15787a9a-e0b5-4955-b4e9-7e60de47981b"
          ],
          "pending": [],
          "skipped": [],
          "duration": 284046,
          "root": false,
          "rootEmpty": false,
          "_timeout": 2000
        }
      ],
      "passes": [],
      "failures": [],
      "pending": [],
      "skipped": [],
      "duration": 0,
      "root": true,
      "rootEmpty": true,
      "_timeout": 2000
    },
    {
      "uuid": "32d36a7c-77f8-49a6-a0f0-b923214a3bd0",
      "title": "",
      "fullFile": "cypress/integration/mas/Administration/Applications/AppManagement/IoT/happy.spec.js",
      "file": "cypress/integration/mas/Administration/Applications/AppManagement/IoT/happy.spec.js",
      "beforeHooks": [],
      "afterHooks": [],
      "tests": [],
      "suites": [
        {
          "uuid": "e2d26234-373c-441d-8e66-8a830546689b",
          "title": "Path - Manage IoT Application",
          "fullFile": "",
          "file": "",
          "beforeHooks": [],
          "afterHooks": [],
          "tests": [
            {
              "title": "visits application catalog page",
              "fullTitle": "Path - Manage IoT Application visits application catalog page",
              "timedOut": null,
              "duration": 10261,
              "state": "passed",
              "speed": "slow",
              "pass": true,
              "fail": false,
              "pending": false,
              "context": null,
              "code": "cy.visit('http://localhost:3001/_admin/applications');\ncy.url().should('include', '/applications');",
              "err": {},
              "uuid": "7562ef55-6b6c-44d9-adf8-82f1a28bd217",
              "parentUUID": "e2d26234-373c-441d-8e66-8a830546689b",
              "isHook": false,
              "skipped": false
            },
            {
              "title": "renders application panel with a iot entry",
              "fullTitle": "Path - Manage IoT Application renders application panel with a iot entry",
              "timedOut": null,
              "duration": 171,
              "state": "passed",
              "speed": "slow",
              "pass": true,
              "fail": false,
              "pending": false,
              "context": null,
              "code": "cy.findByRole('link', {\n  name: /tools/i\n}).click();\ncy.findByRole('cell', {\n  name: 'IoT'\n}).should('exist');",
              "err": {},
              "uuid": "3802a480-24c2-4a45-aad5-ee10267461a0",
              "parentUUID": "e2d26234-373c-441d-8e66-8a830546689b",
              "isHook": false,
              "skipped": false
            },
            {
              "title": "clicks manage version in overflow menu",
              "fullTitle": "Path - Manage IoT Application clicks manage version in overflow menu",
              "timedOut": null,
              "duration": 265,
              "state": "passed",
              "speed": "slow",
              "pass": true,
              "fail": false,
              "pending": false,
              "context": null,
              "code": "cy.findByRole('button', {\n  name: /more actions/i\n}).click();\ncy.findByRole('button', {\n  name: /manage version/i\n}).click();",
              "err": {},
              "uuid": "25cb351f-446b-4bd0-a7d7-a1dd3fcf29ba",
              "parentUUID": "e2d26234-373c-441d-8e66-8a830546689b",
              "isHook": false,
              "skipped": false
            },
            {
              "title": "selects latest version in available version modal",
              "fullTitle": "Path - Manage IoT Application selects latest version in available version modal",
              "timedOut": null,
              "duration": 152,
              "state": "passed",
              "speed": "slow",
              "pass": true,
              "fail": false,
              "pending": false,
              "context": null,
              "code": "cy.findAllByRole('cell', {\n  name: /select/i\n}).last().click();",
              "err": {},
              "uuid": "79c0ea04-7ae3-4b76-8a23-a4fe200c2078",
              "parentUUID": "e2d26234-373c-441d-8e66-8a830546689b",
              "isHook": false,
              "skipped": false
            },
            {
              "title": "clicks deploy latest iot in iot version modal",
              "fullTitle": "Path - Manage IoT Application clicks deploy latest iot in iot version modal",
              "timedOut": null,
              "duration": 30389,
              "state": "failed",
              "speed": null,
              "pass": false,
              "fail": true,
              "pending": false,
              "context": "\"assets/Administration/Applications/AppManagement/IoT/happy.spec.js/Path - Manage IoT Application -- clicks deploy latest iot in iot version modal (failed).png\"",
              "code": "cy.findByRole('button', {\n  name: /deploy iot 8.0.0/i\n}).click();",
              "err": {
[...]
            }
          ],
          "suites": [],
          "passes": [
            "286fb0dd-5515-4d45-af5e-eee1b8ce2df8",
            "e580bca1-2215-430a-99e0-39ab3b3eb02e",
            "8c941d09-6eaf-46aa-874a-8033070192e1",
            "882cb129-0756-448d-ac1d-e26065992aab"
          ],
          "failures": [
            "2c07c311-8857-4634-b02b-10c71c67504a",
            "5c7c8a55-1dff-46da-a389-62925c02edb4",
            "d5d03e6f-d78c-4eef-b53a-296041d80dfb"
          ],
          "pending": [],
          "skipped": [],
          "duration": 131360,
          "root": false,
          "rootEmpty": false,
          "_timeout": 2000
        },
        {
          "uuid": "c051258f-ee84-408d-9fb0-28e137ef7948",
          "title": "Application Navigator Home Page - App Switcher",
          "fullFile": "",
          "file": "",
          "beforeHooks": [],
          "afterHooks": [],
          "tests": [
            {
              "title": "clicks on app switcher",
              "fullTitle": "Application Navigator Home Page - App Switcher clicks on app switcher",
              "timedOut": null,
              "duration": 126,
              "state": "passed",
              "speed": "slow",
              "pass": true,
              "fail": false,
              "pending": false,
              "context": null,
              "code": "cy.findByRole('button', {\n  name: 'AppSwitcher'\n}).click();",
              "err": {},
              "uuid": "4315c933-d8e4-4f8d-b34d-a6499cbe412d",
              "parentUUID": "c051258f-ee84-408d-9fb0-28e137ef7948",
              "isHook": false,
              "skipped": false
            },
            {
              "title": "checks monitor link",
              "fullTitle": "Application Navigator Home Page - App Switcher checks monitor link",
              "timedOut": null,
              "duration": 31,
              "state": "passed",
              "speed": "fast",
              "pass": true,
              "fail": false,
              "pending": false,
              "context": null,
              "code": "cy.fixture(lang).then(function (i18n) {\n  cy.findByRole('link', {\n    name: i18n['content.navigator.LoggedHeader.switcherAppNameMonitor']\n  }).should('exist');\n});",
              "err": {},
              "uuid": "47e96381-e1d2-401a-b6eb-0f56d2f8c6f0",
              "parentUUID": "c051258f-ee84-408d-9fb0-28e137ef7948",
              "isHook": false,
              "skipped": false
            },
            {
              "title": "checks health link",
              "fullTitle": "Application Navigator Home Page - App Switcher checks health link",
              "timedOut": null,
              "duration": 30472,
              "state": "failed",
              "speed": null,
              "pass": false,
              "fail": true,
              "pending": false,
              "context": "\"assets/Navigator/happy.spec.js/Application Navigator Home Page - App Switcher -- checks health link (failed).png\"",
              "code": "cy.fixture(lang).then(function (i18n) {\n  cy.findByRole('link', {\n    name: i18n['content.navigator.LoggedHeader.switcherAppNameHealth']\n  }).should('exist');\n});",
              "err": {
                "message": "TestingLibraryElementError: Timed out retrying: Unable to find an accessible element with the role \"link\" and name \"Health\"\n\nHere are the accessible roles:\n\n  document:\n\n  Name \"\":\n\n  \n  --------------------------------------------------\n  banner:\n\n  Name \"main header\":\n\n  \n  --------------------------------------------------\n  link:\n\n  Name \"Skip to main content\":\n\n  \n  Name \"IBM Maximo Application Suite\":\n\n  \n  Name \"All applications\":\n\n  \n  Name \"Monitor\":\n\n  \n  Name \"Applications\":\n\n  \n  Name \"Tools\":\n\n  \n  --------------------------------------------------\n  button:\n\n  Name \"Administration\":\n\n  \n  Name \"AppSwitcher\":\n\n  \n  Name \"Menu\":\n\n  \n  --------------------------------------------------\n  menuitem:\n\n  Name \"Help\":\n\n  \n  Name \"user\":\n\n  \n  --------------------------------------------------\n  list:\n\n  Name \"AppSwitcher\":\n\n  \n  Name \"\":\n\n  \n  --------------------------------------------------\n  listitem:\n\n  Name \"\":\n\n  \n  Name \"\":\n\n  \n  Name \"\":\n\n  \n  --------------------------------------------------\n  heading:\n\n  Name \"Application navigator\":\n\n  \n  Name \"IoT Show options\":\n\n  \n  --------------------------------------------------\n  navigation:\n\n  Name \"\":\n\n  \n  --------------------------------------------------\n  tablist:\n\n  Name \"\":\n\n  \n  --------------------------------------------------\n  tab:\n\n  Name \"Applications\":\n\n  \n  Name \"Tools\":\n\n  \n  --------------------------------------------------\n  tabpanel:\n\n  Name \"Tools\":\n\n  \n  --------------------------------------------------\n  img:\n\n  Name \"Show options\":\n\n  \n  --------------------------------------------------",
                "estack": "TestingLibraryElementError: Timed out retrying: Unable to find an accessible element with the role \"link\" and name \"Health\"\n\nHere are the accessible roles:\n\n  document:\n\n  Name \"\":\n\n  \n  --------------------------------------------------\n  banner:\n\n  Name \"main header\":\n\n  \n  --------------------------------------------------\n  link:\n\n  Name \"Skip to main content\":\n\n  \n  Name \"IBM Maximo Application Suite\":\n\n  \n  Name \"All applications\":\n\n  \n  Name \"Monitor\":\n\n  \n  Name \"Applications\":\n\n  \n  Name \"Tools\":\n\n  \n  --------------------------------------------------\n  button:\n\n  Name \"Administration\":\n\n  \n  Name \"AppSwitcher\":\n\n  \n  Name \"Menu\":\n\n  \n  --------------------------------------------------\n  menuitem:\n\n  Name \"Help\":\n\n  \n  Name \"user\":\n\n  \n  --------------------------------------------------\n  list:\n\n  Name \"AppSwitcher\":\n\n  \n  Name \"\":\n\n  \n  --------------------------------------------------\n  listitem:\n\n  Name \"\":\n\n  \n  Name \"\":\n\n  \n  Name \"\":\n\n  \n  --------------------------------------------------\n  heading:\n\n  Name \"Application navigator\":\n\n  \n  Name \"IoT Show options\":\n\n  \n  --------------------------------------------------\n  navigation:\n\n  Name \"\":\n\n  \n  --------------------------------------------------\n  tablist:\n\n  Name \"\":\n\n  \n  --------------------------------------------------\n  tab:\n\n  Name \"Applications\":\n\n  \n  Name \"Tools\":\n\n  \n  --------------------------------------------------\n  tabpanel:\n\n  Name \"Tools\":\n\n  \n  --------------------------------------------------\n  img:\n\n  Name \"Show options\":\n\n  \n  --------------------------------------------------\n    at Object.getElementError (http://localhost:3001/__cypress/tests?p=cypress/support/index.js:1086:19)\n    at eval (http://localhost:3001/__cypress/tests?p=cypress/support/index.js:3466:38)\n    at eval (http://localhost:3001/__cypress/tests?p=cypress/support/index.js:3438:17)\n    at eval (http://localhost:3001/__cypress/tests?p=cypress/support/index.js:3482:19)\n    at baseCommandImpl (http://localhost:3001/__cypress/tests?p=cypress/support/index.js:892:16)\n    at commandImpl (http://localhost:3001/__cypress/tests?p=cypress/support/index.js:895:40)\n    at getValue (http://localhost:3001/__cypress/tests?p=cypress/support/index.js:919:23)\n    at resolveValue (http://localhost:3001/__cypress/tests?p=cypress/support/index.js:959:35)",
                "diff": null
              },
              "uuid": "41b2794b-a01b-4158-9811-ab585c9496e2",
              "parentUUID": "c051258f-ee84-408d-9fb0-28e137ef7948",
              "isHook": false,
              "skipped": false
            },
            {
              "title": "checks predict link",
              "fullTitle": "Application Navigator Home Page - App Switcher checks predict link",
              "timedOut": null,
              "duration": 30560,
              "state": "failed",
              "speed": null,
              "pass": false,
              "fail": true,
              "pending": false,
              "context": "\"assets/Navigator/happy.spec.js/Application Navigator Home Page - App Switcher -- checks predict link (failed).png\"",
              "code": "cy.fixture(lang).then(function (i18n) {\n  cy.findByRole('link', {\n    name: i18n['content.navigator.LoggedHeader.switcherAppNamePredict']\n  }).should('exist');\n});",
              "err": {
                "message": "TestingLibraryElementError: Timed out retrying: Unable to find an accessible element with the role \"link\" and name \"Predict\"\n\nHere are the accessible roles:\n\n  document:\n\n  Name \"\":\n\n  \n  --------------------------------------------------\n  banner:\n\n  Name \"main header\":\n\n  \n  --------------------------------------------------\n  link:\n\n  Name \"Skip to main content\":\n\n  \n  Name \"IBM Maximo Application Suite\":\n\n  \n  Name \"All applications\":\n\n  \n  Name \"Monitor\":\n\n  \n  Name \"Applications\":\n\n  \n  Name \"Tools\":\n\n  \n  --------------------------------------------------\n  button:\n\n  Name \"Administration\":\n\n  \n  Name \"AppSwitcher\":\n\n  \n  Name \"Menu\":\n\n  \n  --------------------------------------------------\n  menuitem:\n\n  Name \"Help\":\n\n  \n  Name \"user\":\n\n  \n  --------------------------------------------------\n  list:\n\n  Name \"AppSwitcher\":\n\n  \n  Name \"\":\n\n  \n  --------------------------------------------------\n  listitem:\n\n  Name \"\":\n\n  \n  Name \"\":\n\n  \n  Name \"\":\n\n  \n  --------------------------------------------------\n  heading:\n\n  Name \"Application navigator\":\n\n  \n  Name \"IoT Show options\":\n\n  \n  --------------------------------------------------\n  navigation:\n\n  Name \"\":\n\n  \n  --------------------------------------------------\n  tablist:\n\n  Name \"\":\n\n  \n  --------------------------------------------------\n  tab:\n\n  Name \"Applications\":\n\n  \n  Name \"Tools\":\n\n  \n  --------------------------------------------------\n  tabpanel:\n\n  Name \"Tools\":\n\n  \n  --------------------------------------------------\n  img:\n\n  Name \"Show options\":\n\n  \n  --------------------------------------------------",
                "estack": "TestingLibraryElementError: Timed out retrying: Unable to find an accessible element with the role \"link\" and name \"Predict\"\n\nHere are the accessible roles:\n\n  document:\n\n  Name \"\":\n\n  \n  --------------------------------------------------\n  banner:\n\n  Name \"main header\":\n\n  \n  --------------------------------------------------\n  link:\n\n  Name \"Skip to main content\":\n\n  \n  Name \"IBM Maximo Application Suite\":\n\n  \n  Name \"All applications\":\n\n  \n  Name \"Monitor\":\n\n  \n  Name \"Applications\":\n\n  \n  Name \"Tools\":\n\n  \n  --------------------------------------------------\n  button:\n\n  Name \"Administration\":\n\n  \n  Name \"AppSwitcher\":\n\n  \n  Name \"Menu\":\n\n  \n  --------------------------------------------------\n  menuitem:\n\n  Name \"Help\":\n\n  \n  Name \"user\":\n\n  \n  --------------------------------------------------\n  list:\n\n  Name \"AppSwitcher\":\n\n  \n  Name \"\":\n\n  \n  --------------------------------------------------\n  listitem:\n\n  Name \"\":\n\n  \n  Name \"\":\n\n  \n  Name \"\":\n\n  \n  --------------------------------------------------\n  heading:\n\n  Name \"Application navigator\":\n\n  \n  Name \"IoT Show options\":\n\n  \n  --------------------------------------------------\n  navigation:\n\n  Name \"\":\n\n  \n  --------------------------------------------------\n  tablist:\n\n  Name \"\":\n\n  \n  --------------------------------------------------\n  tab:\n\n  Name \"Applications\":\n\n  \n  Name \"Tools\":\n\n  \n  --------------------------------------------------\n  tabpanel:\n\n  Name \"Tools\":\n\n  \n  --------------------------------------------------\n  img:\n\n  Name \"Show options\":\n\n  \n  --------------------------------------------------\n    at Object.getElementError (http://localhost:3001/__cypress/tests?p=cypress/support/index.js:1086:19)\n    at eval (http://localhost:3001/__cypress/tests?p=cypress/support/index.js:3466:38)\n    at eval (http://localhost:3001/__cypress/tests?p=cypress/support/index.js:3438:17)\n    at eval (http://localhost:3001/__cypress/tests?p=cypress/support/index.js:3482:19)\n    at baseCommandImpl (http://localhost:3001/__cypress/tests?p=cypress/support/index.js:892:16)\n    at commandImpl (http://localhost:3001/__cypress/tests?p=cypress/support/index.js:895:40)\n    at getValue (http://localhost:3001/__cypress/tests?p=cypress/support/index.js:919:23)\n    at resolveValue (http://localhost:3001/__cypress/tests?p=cypress/support/index.js:959:35)",
                "diff": null
              },
              "uuid": "b99a8537-c8be-403f-8718-61cfea1e0427",
              "parentUUID": "c051258f-ee84-408d-9fb0-28e137ef7948",
              "isHook": false,
              "skipped": false
            },
            {
              "title": "checks All Applications navigates back to home page",
              "fullTitle": "Application Navigator Home Page - App Switcher checks All Applications navigates back to home page",
              "timedOut": null,
              "duration": 30508,
              "state": "failed",
              "speed": null,
              "pass": false,
              "fail": true,
              "pending": false,
              "context": "\"assets/Navigator/happy.spec.js/Application Navigator Home Page - App Switcher -- checks All Applications navigates back to home page (failed).png\"",
              "code": "cy.fixture(lang).then(function (i18n) {\n  cy.findByRole('link', {\n    name: i18n['content.navigator.LoggedHeader.switcherNavigatorLink']\n  }).should('exist');\n});",
              "err": {
                "message": "TestingLibraryElementError: Timed out retrying: Unable to find an accessible element with the role \"link\" and name \"All available applications\"\n\nHere are the accessible roles:\n\n  document:\n\n  Name \"\":\n\n  \n  --------------------------------------------------\n  banner:\n\n  Name \"main header\":\n\n  \n  --------------------------------------------------\n  link:\n\n  Name \"Skip to main content\":\n\n  \n  Name \"IBM Maximo Application Suite\":\n\n  \n  Name \"All applications\":\n\n  \n  Name \"Monitor\":\n\n  \n  Name \"Applications\":\n\n  \n  Name \"Tools\":\n\n  \n  --------------------------------------------------\n  button:\n\n  Name \"Administration\":\n\n  \n  Name \"AppSwitcher\":\n\n  \n  Name \"Menu\":\n\n  \n  --------------------------------------------------\n  menuitem:\n\n  Name \"Help\":\n\n  \n  Name \"user\":\n\n  \n  --------------------------------------------------\n  list:\n\n  Name \"AppSwitcher\":\n\n  \n  Name \"\":\n\n  \n  --------------------------------------------------\n  listitem:\n\n  Name \"\":\n\n  \n  Name \"\":\n\n  \n  Name \"\":\n\n  \n  --------------------------------------------------\n  heading:\n\n  Name \"Application navigator\":\n\n  \n  Name \"IoT Show options\":\n\n  \n  --------------------------------------------------\n  navigation:\n\n  Name \"\":\n\n  \n  --------------------------------------------------\n  tablist:\n\n  Name \"\":\n\n  \n  --------------------------------------------------\n  tab:\n\n  Name \"Applications\":\n\n  \n  Name \"Tools\":\n\n  \n  --------------------------------------------------\n  tabpanel:\n\n  Name \"Tools\":\n\n  \n  --------------------------------------------------\n  img:\n\n  Name \"Show options\":\n\n  \n  --------------------------------------------------",
                "estack": "TestingLibraryElementError: Timed out retrying: Unable to find an accessible element with the role \"link\" and name \"All available applications\"\n\nHere are the accessible roles:\n\n  document:\n\n  Name \"\":\n\n  \n  --------------------------------------------------\n  banner:\n\n  Name \"main header\":\n\n  \n  --------------------------------------------------\n  link:\n\n  Name \"Skip to main content\":\n\n  \n  Name \"IBM Maximo Application Suite\":\n\n  \n  Name \"All applications\":\n\n  \n  Name \"Monitor\":\n\n  \n  Name \"Applications\":\n\n  \n  Name \"Tools\":\n\n  \n  --------------------------------------------------\n  button:\n\n  Name \"Administration\":\n\n  \n  Name \"AppSwitcher\":\n\n  \n  Name \"Menu\":\n\n  \n  --------------------------------------------------\n  menuitem:\n\n  Name \"Help\":\n\n  \n  Name \"user\":\n\n  \n  --------------------------------------------------\n  list:\n\n  Name \"AppSwitcher\":\n\n  \n  Name \"\":\n\n  \n  --------------------------------------------------\n  listitem:\n\n  Name \"\":\n\n  \n  Name \"\":\n\n  \n  Name \"\":\n\n  \n  --------------------------------------------------\n  heading:\n\n  Name \"Application navigator\":\n\n  \n  Name \"IoT Show options\":\n\n  \n  --------------------------------------------------\n  navigation:\n\n  Name \"\":\n\n  \n  --------------------------------------------------\n  tablist:\n\n  Name \"\":\n\n  \n  --------------------------------------------------\n  tab:\n\n  Name \"Applications\":\n\n  \n  Name \"Tools\":\n\n  \n  --------------------------------------------------\n  tabpanel:\n\n  Name \"Tools\":\n\n  \n  --------------------------------------------------\n  img:\n\n  Name \"Show options\":\n\n  \n  --------------------------------------------------\n    at Object.getElementError (http://localhost:3001/__cypress/tests?p=cypress/support/index.js:1086:19)\n    at eval (http://localhost:3001/__cypress/tests?p=cypress/support/index.js:3466:38)\n    at eval (http://localhost:3001/__cypress/tests?p=cypress/support/index.js:3438:17)\n    at eval (http://localhost:3001/__cypress/tests?p=cypress/support/index.js:3482:19)\n    at baseCommandImpl (http://localhost:3001/__cypress/tests?p=cypress/support/index.js:892:16)\n    at commandImpl (http://localhost:3001/__cypress/tests?p=cypress/support/index.js:895:40)\n    at getValue (http://localhost:3001/__cypress/tests?p=cypress/support/index.js:919:23)\n    at resolveValue (http://localhost:3001/__cypress/tests?p=cypress/support/index.js:959:35)",
                "diff": null
              },
              "uuid": "bd063970-2e71-4256-898c-f118cc3cebaf",
              "parentUUID": "c051258f-ee84-408d-9fb0-28e137ef7948",
              "isHook": false,
              "skipped": false
            }
          ],
          "suites": [],
          "passes": [
            "4315c933-d8e4-4f8d-b34d-a6499cbe412d",
            "47e96381-e1d2-401a-b6eb-0f56d2f8c6f0"
          ],
          "failures": [
            "41b2794b-a01b-4158-9811-ab585c9496e2",
            "b99a8537-c8be-403f-8718-61cfea1e0427",
            "bd063970-2e71-4256-898c-f118cc3cebaf"
          ],
          "pending": [],
          "skipped": [],
          "duration": 91697,
          "root": false,
          "rootEmpty": false,
          "_timeout": 2000
        }
      ],
      "passes": [],
      "failures": [],
      "pending": [],
      "skipped": [],
      "duration": 0,
      "root": true,
      "rootEmpty": true,
      "_timeout": 2000
    }
  ],
  "meta": {
    "mocha": {
      "version": "7.0.1"
    },
    "mochawesome": {
      "options": {
        "quiet": false,
        "reportFilename": "mochawesome",
        "saveHtml": false,
        "saveJson": true,
        "consoleReporter": "spec",
        "useInlineDiffs": false,
        "code": true
      },
      "version": "6.2.1"
    },
    "marge": {
      "options": {
        "reportDir": "cypress/report/mochawesome-report",
        "overwrite": false,
        "html": false,
        "json": true,
        "timestamp": "mmddyyyy_HHMMss"
      },
      "version": "5.1.0"
    }
  }
}